Using pre-set license
Built from '2021.1/staging' branch; Version is '2021.1.0b4 (6d90c0720bd4) revision 7180480'; Using compiler version '192528614'; Build Type 'Release'
OS: 'Windows 10 Pro; OS build 19042.631; Version 2009; 64bit' Language: 'en' Physical Memory: 16315 MB
BatchMode: 1, IsHumanControllingUs: 0, StartBugReporterOnCrash: 0, Is64bit: 1, IsPro: 0

 COMMAND LINE ARGUMENTS:
C:\Program Files\Unity\Hub\Editor\2021.1.0b4\Editor\Unity.exe
-adb2
-batchMode
-noUpm
-name
AssetImportWorker0
-projectPath
C:/Users/conor/Documents/GitHub/GameJam2021
-logFile
Logs/AssetImportWorker0.log
-srvPort
56417
Successfully changed project path to: C:/Users/conor/Documents/GitHub/GameJam2021
C:/Users/conor/Documents/GitHub/GameJam2021
Using Asset Import Pipeline V2.
Refreshing native plugins compatible for Editor in 79.24 ms, found 1 plugins.
Preloading 0 native plugins for Editor in 0.00 ms.
Initialize engine version: 2021.1.0b4 (6d90c0720bd4)
[Subsystems] Discovering subsystems at path C:/Program Files/Unity/Hub/Editor/2021.1.0b4/Editor/Data/Resources/UnitySubsystems
[Subsystems] Discovering subsystems at path C:/Users/conor/Documents/GitHub/GameJam2021/Assets
GfxDevice: creating device client; threaded=0; jobified=0
Direct3D:
    Version:  Direct3D 11.0 [level 11.1]
    Renderer: NVIDIA GeForce GTX 1070 (ID=0x1b81)
    Vendor:   NVIDIA
    VRAM:     8088 MB
    Driver:   27.21.14.6109
Initialize mono
Mono path[0] = 'C:/Program Files/Unity/Hub/Editor/2021.1.0b4/Editor/Data/Managed'
Mono path[1] = 'C:/Program Files/Unity/Hub/Editor/2021.1.0b4/Editor/Data/MonoBleedingEdge/lib/mono/unityjit'
Mono config path = 'C:/Program Files/Unity/Hub/Editor/2021.1.0b4/Editor/Data/MonoBleedingEdge/etc'
Using monoOptions --debugger-agent=transport=dt_socket,embedding=1,server=y,suspend=n,address=127.0.0.1:56576
Begin MonoManager ReloadAssembly
Registering precompiled unity dll's ...
Register platform support module: C:/Program Files/Unity/Hub/Editor/2021.1.0b4/Editor/Data/PlaybackEngines/WebGLSupport/UnityEditor.WebGL.Extensions.dll
Register platform support module: C:/Program Files/Unity/Hub/Editor/2021.1.0b4/Editor/Data/PlaybackEngines/MacStandaloneSupport/UnityEditor.OSXStandalone.Extensions.dll
Register platform support module: C:/Program Files/Unity/Hub/Editor/2021.1.0b4/Editor/Data/PlaybackEngines/WindowsStandaloneSupport/UnityEditor.WindowsStandalone.Extensions.dll
Register platform support module: C:/Program Files/Unity/Hub/Editor/2021.1.0b4/Editor/Data/PlaybackEngines/LinuxStandaloneSupport/UnityEditor.LinuxStandalone.Extensions.dll
Register platform support module: C:/Program Files/Unity/Hub/Editor/2021.1.0b4/Editor/Data/PlaybackEngines/LuminSupport/UnityEditor.Lumin.Extensions.dll
Registered in 0.005108 seconds.
Native extension for Lumin target not found
Native extension for LinuxStandalone target not found
Native extension for WindowsStandalone target not found
Native extension for OSXStandalone target not found
Native extension for WebGL target not found
Refreshing native plugins compatible for Editor in 82.18 ms, found 1 plugins.
Preloading 0 native plugins for Editor in 0.00 ms.
Mono: successfully reloaded assembly
- Completed reload, in  2.892 seconds
Platform modules already initialized, skipping
Registering precompiled user dll's ...
Registered in 0.004831 seconds.
Begin MonoManager ReloadAssembly
Native extension for Lumin target not found
Native extension for LinuxStandalone target not found
Native extension for WindowsStandalone target not found
Native extension for OSXStandalone target not found
Native extension for WebGL target not found
Refreshing native plugins compatible for Editor in 0.56 ms, found 1 plugins.
Preloading 0 native plugins for Editor in 0.00 ms.
Mono: successfully reloaded assembly
- Completed reload, in  1.178 seconds
Platform modules already initialized, skipping
========================================================================
Worker process is ready to serve import requests
Launched and connected shader compiler UnityShaderCompiler.exe after 0.05 seconds
Refreshing native plugins compatible for Editor in 0.63 ms, found 1 plugins.
Preloading 0 native plugins for Editor in 0.00 ms.
Unloading 2645 Unused Serialized files (Serialized files now loaded: 0)
System memory in use before: 229.6 MB.
System memory in use after: 229.8 MB.

Unloading 15 unused Assets to reduce memory usage. Loaded Objects now: 3095.
Total: 2.560800 ms (FindLiveObjects: 0.362700 ms CreateObjectMapping: 0.100700 ms MarkObjects: 2.010200 ms  DeleteObjects: 0.086100 ms)

========================================================================
Received Import Request.
  path: Assets/Sprites/Square.png
  artifactKey: Guid(e6a5cb91f6c31484d814ad7fbbf47639) Importer(815301076,1909f56bfc062723c751e8b465ee728b)
Start importing Assets/Sprites/Square.png using Guid(e6a5cb91f6c31484d814ad7fbbf47639) Importer(815301076,1909f56bfc062723c751e8b465ee728b)  -> (artifact id: 'f265ce8e5cfb08313689a015b0caf477') in 0.129167 seconds 
========================================================================
Received Import Request.
  Time since last request: 22.747971 seconds.
  path: Assets/Scripts/UIController.cs
  artifactKey: Guid(109bb8326655a1848a85a8411fe93fd9) Importer(2089858483,934ff659095e30574adcf32a4c2f97b5)
Start importing Assets/Scripts/UIController.cs using Guid(109bb8326655a1848a85a8411fe93fd9) Importer(2089858483,934ff659095e30574adcf32a4c2f97b5) 
[QS] Generated asset artifact (ASIEI01) VirtualArtifacts/NamedExtra/a81df64268edf0b4aa381ba8cd1e49eb.asset.1.index for Assets/Scripts/UIController.cs with Types
 -> (artifact id: '86e2de59ee36a0d61b439d1aa5ddb60e') in 0.098713 seconds 
========================================================================
Received Import Request.
  Time since last request: 0.017045 seconds.
  path: Assets/Scenes/Game Scene.unity
  artifactKey: Guid(c27a385e0a8a6ea48b3e2345bb4e396a) Importer(2089858483,934ff659095e30574adcf32a4c2f97b5)
Start importing Assets/Scenes/Game Scene.unity using Guid(c27a385e0a8a6ea48b3e2345bb4e396a) Importer(2089858483,934ff659095e30574adcf32a4c2f97b5) 
[QS] Generated asset artifact (ASIEI01) VirtualArtifacts/NamedExtra/e8950d0d04ca5444399b559e7c91fae4.asset.1.index for Assets/Scenes/Game Scene.unity with Types
 -> (artifact id: '5e19c079933ca0d3893cb49620a1eeec') in 0.018506 seconds 
========================================================================
Received Import Request.
  Time since last request: 0.018267 seconds.
  path: Assets/Sprites/Square.png
  artifactKey: Guid(e6a5cb91f6c31484d814ad7fbbf47639) Importer(2089858483,934ff659095e30574adcf32a4c2f97b5)
Start importing Assets/Sprites/Square.png using Guid(e6a5cb91f6c31484d814ad7fbbf47639) Importer(2089858483,934ff659095e30574adcf32a4c2f97b5) 
[QS] Generated asset artifact (ASIEI01) VirtualArtifacts/NamedExtra/fef535b80f3d3084395d5396483c1efa.asset.1.index for Assets/Sprites/Square.png with Types
 -> (artifact id: 'c9b45ab33fcc1acc7e382e8ec36b4385') in 0.020299 seconds 
========================================================================
Received Import Request.
  Time since last request: 11.254949 seconds.
  path: Assets/Sprites/Square.png
  artifactKey: Guid(e6a5cb91f6c31484d814ad7fbbf47639) Importer(815301076,1909f56bfc062723c751e8b465ee728b)
Start importing Assets/Sprites/Square.png using Guid(e6a5cb91f6c31484d814ad7fbbf47639) Importer(815301076,1909f56bfc062723c751e8b465ee728b)  -> (artifact id: 'c0b945900c8ce26d3ab385dcbcf25c0a') in 0.054617 seconds 
========================================================================
Received Import Request.
  Time since last request: 0.425565 seconds.
  path: Assets/Sprites/Square.png
  artifactKey: Guid(e6a5cb91f6c31484d814ad7fbbf47639) Importer(2089858483,934ff659095e30574adcf32a4c2f97b5)
Start importing Assets/Sprites/Square.png using Guid(e6a5cb91f6c31484d814ad7fbbf47639) Importer(2089858483,934ff659095e30574adcf32a4c2f97b5) 
[QS] Generated asset artifact (ASIEI01) VirtualArtifacts/NamedExtra/9995cd985b9389e4ea290608bfa55f80.asset.1.index for Assets/Sprites/Square.png with Types
 -> (artifact id: 'd01981e75585098f1da2e3e54ab95b80') in 0.013328 seconds 
========================================================================
Received Import Request.
  Time since last request: 92.419154 seconds.
  path: Assets/Sprites/SquareRusty (1).png
  artifactKey: Guid(448cdab538190da4cad9a3df1a050e49) Importer(815301076,1909f56bfc062723c751e8b465ee728b)
Start importing Assets/Sprites/SquareRusty (1).png using Guid(448cdab538190da4cad9a3df1a050e49) Importer(815301076,1909f56bfc062723c751e8b465ee728b)  -> (artifact id: '042a82f35f6d59cbfe8c2172b8c13acb') in 0.018244 seconds 
========================================================================
Received Import Request.
  Time since last request: 0.546355 seconds.
  path: Assets/Sprites/SquareRusty (1).png
  artifactKey: Guid(448cdab538190da4cad9a3df1a050e49) Importer(2089858483,934ff659095e30574adcf32a4c2f97b5)
Start importing Assets/Sprites/SquareRusty (1).png using Guid(448cdab538190da4cad9a3df1a050e49) Importer(2089858483,934ff659095e30574adcf32a4c2f97b5) 
[QS] Generated asset artifact (ASIEI01) VirtualArtifacts/NamedExtra/36b084e6bd37a364c9d1ee3dd674c72e.asset.1.index for Assets/Sprites/SquareRusty (1).png with Types
 -> (artifact id: '62ab58782ee1842d0fb194277152cfde') in 0.016288 seconds 
========================================================================
Received Import Request.
  Time since last request: 16.148183 seconds.
  path: Assets/Sprites/SquareRusty (1).png
  artifactKey: Guid(448cdab538190da4cad9a3df1a050e49) Importer(815301076,1909f56bfc062723c751e8b465ee728b)
Start importing Assets/Sprites/SquareRusty (1).png using Guid(448cdab538190da4cad9a3df1a050e49) Importer(815301076,1909f56bfc062723c751e8b465ee728b)  -> (artifact id: 'c22ce9ebd2004d4929ce3eb79fbc7dc0') in 0.016232 seconds 
========================================================================
Received Import Request.
  Time since last request: 0.468060 seconds.
  path: Assets/Sprites/SquareRusty (1).png
  artifactKey: Guid(448cdab538190da4cad9a3df1a050e49) Importer(2089858483,934ff659095e30574adcf32a4c2f97b5)
Start importing Assets/Sprites/SquareRusty (1).png using Guid(448cdab538190da4cad9a3df1a050e49) Importer(2089858483,934ff659095e30574adcf32a4c2f97b5) 
[QS] Generated asset artifact (ASIEI01) VirtualArtifacts/NamedExtra/fb3dfebd94cd9cc4483307d617f69373.asset.1.index for Assets/Sprites/SquareRusty (1).png with Types
 -> (artifact id: '25c10fc93080b6e2a988be5425e933f0') in 0.011294 seconds 
========================================================================
Received Import Request.
  Time since last request: 107.622191 seconds.
  path: Assets/Scenes/Game Scene.unity
  artifactKey: Guid(c27a385e0a8a6ea48b3e2345bb4e396a) Importer(2089858483,934ff659095e30574adcf32a4c2f97b5)
Start importing Assets/Scenes/Game Scene.unity using Guid(c27a385e0a8a6ea48b3e2345bb4e396a) Importer(2089858483,934ff659095e30574adcf32a4c2f97b5) 
[QS] Generated asset artifact (ASIEI01) VirtualArtifacts/NamedExtra/462ffebb734af6e4aa87b7ad462d3029.asset.1.index for Assets/Scenes/Game Scene.unity with Types
 -> (artifact id: 'a9803a77e285b7dc1cf9bccc0fafcbd6') in 0.012038 seconds 
========================================================================
Received Import Request.
  Time since last request: 800.040500 seconds.
  path: Assets/Sprites/SquareRusty2.png
  artifactKey: Guid(be1dc8a815641334d94e041f0f48f629) Importer(815301076,1909f56bfc062723c751e8b465ee728b)
Start importing Assets/Sprites/SquareRusty2.png using Guid(be1dc8a815641334d94e041f0f48f629) Importer(815301076,1909f56bfc062723c751e8b465ee728b)  -> (artifact id: '6cf6242baeb7c90ad0a8996cb63a40c7') in 0.020353 seconds 
========================================================================
Received Import Request.
  Time since last request: 0.453363 seconds.
  path: Assets/Sprites/SquareRusty2.png
  artifactKey: Guid(be1dc8a815641334d94e041f0f48f629) Importer(2089858483,934ff659095e30574adcf32a4c2f97b5)
Start importing Assets/Sprites/SquareRusty2.png using Guid(be1dc8a815641334d94e041f0f48f629) Importer(2089858483,934ff659095e30574adcf32a4c2f97b5) 
[QS] Generated asset artifact (ASIEI01) VirtualArtifacts/NamedExtra/f822842d19718fe4591cba492ac29d1d.asset.1.index for Assets/Sprites/SquareRusty2.png with Types
 -> (artifact id: '79b1940752bb305a2835ae9cb10a57dd') in 0.016423 seconds 
========================================================================
Received Import Request.
  Time since last request: 4.107558 seconds.
  path: Assets/Sprites/SquareRusty2.png
  artifactKey: Guid(be1dc8a815641334d94e041f0f48f629) Importer(815301076,1909f56bfc062723c751e8b465ee728b)
Start importing Assets/Sprites/SquareRusty2.png using Guid(be1dc8a815641334d94e041f0f48f629) Importer(815301076,1909f56bfc062723c751e8b465ee728b)  -> (artifact id: 'b2c7821f02ff533ccf292ef5bc8329ac') in 0.015042 seconds 
========================================================================
Received Import Request.
  Time since last request: 0.462815 seconds.
  path: Assets/Sprites/SquareRusty2.png
  artifactKey: Guid(be1dc8a815641334d94e041f0f48f629) Importer(2089858483,934ff659095e30574adcf32a4c2f97b5)
Start importing Assets/Sprites/SquareRusty2.png using Guid(be1dc8a815641334d94e041f0f48f629) Importer(2089858483,934ff659095e30574adcf32a4c2f97b5) 
[QS] Generated asset artifact (ASIEI01) VirtualArtifacts/NamedExtra/1a4e4e6f24eda1544a00170a55711d1a.asset.1.index for Assets/Sprites/SquareRusty2.png with Types
 -> (artifact id: 'ac2203035d1f0bcc3c118ed574370dfc') in 0.014151 seconds 
========================================================================
Received Import Request.
  Time since last request: 1290.677995 seconds.
  path: Assets/Scripts/UIController.cs
  artifactKey: Guid(109bb8326655a1848a85a8411fe93fd9) Importer(2089858483,934ff659095e30574adcf32a4c2f97b5)
Start importing Assets/Scripts/UIController.cs using Guid(109bb8326655a1848a85a8411fe93fd9) Importer(2089858483,934ff659095e30574adcf32a4c2f97b5) 
[QS] Generated asset artifact (ASIEI01) VirtualArtifacts/NamedExtra/4992b21f32c1cfc43b28f033fbe72d31.asset.1.index for Assets/Scripts/UIController.cs with Types
 -> (artifact id: '95597a4417a437ed37eaca5143f0df97') in 0.018539 seconds 
========================================================================
Received Prepare
Registering precompiled user dll's ...
Registered in 0.004145 seconds.
Begin MonoManager ReloadAssembly
Native extension for Lumin target not found
Native extension for LinuxStandalone target not found
Native extension for WindowsStandalone target not found
Native extension for OSXStandalone target not found
Native extension for WebGL target not found
Refreshing native plugins compatible for Editor in 0.89 ms, found 1 plugins.
Preloading 0 native plugins for Editor in 0.00 ms.
Mono: successfully reloaded assembly
- Completed reload, in  1.126 seconds
Platform modules already initialized, skipping
Refreshing native plugins compatible for Editor in 0.55 ms, found 1 plugins.
Preloading 0 native plugins for Editor in 0.00 ms.
Unloading 2643 Unused Serialized files (Serialized files now loaded: 0)
System memory in use before: 235.8 MB.
System memory in use after: 236.0 MB.

Unloading 10 unused Assets to reduce memory usage. Loaded Objects now: 3190.
Total: 2.245300 ms (FindLiveObjects: 0.299100 ms CreateObjectMapping: 0.072200 ms MarkObjects: 1.814200 ms  DeleteObjects: 0.058600 ms)

========================================================================
Received Prepare
Registering precompiled user dll's ...
Registered in 0.004540 seconds.
Begin MonoManager ReloadAssembly
Native extension for Lumin target not found
Native extension for LinuxStandalone target not found
Native extension for WindowsStandalone target not found
Native extension for OSXStandalone target not found
Native extension for WebGL target not found
Refreshing native plugins compatible for Editor in 0.56 ms, found 1 plugins.
Preloading 0 native plugins for Editor in 0.00 ms.
Mono: successfully reloaded assembly
- Completed reload, in  1.067 seconds
Platform modules already initialized, skipping
Refreshing native plugins compatible for Editor in 0.58 ms, found 1 plugins.
Preloading 0 native plugins for Editor in 0.00 ms.
Unloading 2640 Unused Serialized files (Serialized files now loaded: 0)
System memory in use before: 235.7 MB.
System memory in use after: 235.9 MB.

Unloading 10 unused Assets to reduce memory usage. Loaded Objects now: 3192.
Total: 2.719700 ms (FindLiveObjects: 0.415000 ms CreateObjectMapping: 0.114200 ms MarkObjects: 2.119900 ms  DeleteObjects: 0.068900 ms)

========================================================================
Received Prepare
Registering precompiled user dll's ...
Registered in 0.004064 seconds.
Begin MonoManager ReloadAssembly
Native extension for Lumin target not found
Native extension for LinuxStandalone target not found
Native extension for WindowsStandalone target not found
Native extension for OSXStandalone target not found
Native extension for WebGL target not found
Refreshing native plugins compatible for Editor in 0.55 ms, found 1 plugins.
Preloading 0 native plugins for Editor in 0.00 ms.
Mono: successfully reloaded assembly
- Completed reload, in  1.108 seconds
Platform modules already initialized, skipping
Refreshing native plugins compatible for Editor in 0.55 ms, found 1 plugins.
Preloading 0 native plugins for Editor in 0.00 ms.
Unloading 2640 Unused Serialized files (Serialized files now loaded: 0)
System memory in use before: 235.8 MB.
System memory in use after: 236.0 MB.

Unloading 10 unused Assets to reduce memory usage. Loaded Objects now: 3194.
Total: 2.651300 ms (FindLiveObjects: 0.430100 ms CreateObjectMapping: 0.110500 ms MarkObjects: 2.037800 ms  DeleteObjects: 0.071800 ms)

========================================================================
Received Prepare
Registering precompiled user dll's ...
Registered in 0.003829 seconds.
Begin MonoManager ReloadAssembly
Native extension for Lumin target not found
Native extension for LinuxStandalone target not found
Native extension for WindowsStandalone target not found
Native extension for OSXStandalone target not found
Native extension for WebGL target not found
Refreshing native plugins compatible for Editor in 0.53 ms, found 1 plugins.
Preloading 0 native plugins for Editor in 0.00 ms.
Mono: successfully reloaded assembly
- Completed reload, in  1.087 seconds
Platform modules already initialized, skipping
Refreshing native plugins compatible for Editor in 0.59 ms, found 1 plugins.
Preloading 0 native plugins for Editor in 0.00 ms.
Unloading 2640 Unused Serialized files (Serialized files now loaded: 0)
System memory in use before: 235.8 MB.
System memory in use after: 236.0 MB.

Unloading 10 unused Assets to reduce memory usage. Loaded Objects now: 3196.
Total: 2.837700 ms (FindLiveObjects: 0.435300 ms CreateObjectMapping: 0.119200 ms MarkObjects: 2.217100 ms  DeleteObjects: 0.064600 ms)

========================================================================
Received Prepare
Registering precompiled user dll's ...
Registered in 0.004291 seconds.
Begin MonoManager ReloadAssembly
Native extension for Lumin target not found
Native extension for LinuxStandalone target not found
Native extension for WindowsStandalone target not found
Native extension for OSXStandalone target not found
Native extension for WebGL target not found
Refreshing native plugins compatible for Editor in 0.62 ms, found 1 plugins.
Preloading 0 native plugins for Editor in 0.00 ms.
Mono: successfully reloaded assembly
- Completed reload, in  1.095 seconds
Platform modules already initialized, skipping
Refreshing native plugins compatible for Editor in 0.77 ms, found 1 plugins.
Preloading 0 native plugins for Editor in 0.00 ms.
Unloading 2640 Unused Serialized files (Serialized files now loaded: 0)
System memory in use before: 235.8 MB.
System memory in use after: 236.0 MB.

Unloading 10 unused Assets to reduce memory usage. Loaded Objects now: 3198.
Total: 2.364200 ms (FindLiveObjects: 0.340500 ms CreateObjectMapping: 0.074700 ms MarkObjects: 1.882200 ms  DeleteObjects: 0.065800 ms)

========================================================================
Received Prepare
Registering precompiled user dll's ...
Registered in 0.003931 seconds.
Begin MonoManager ReloadAssembly
Native extension for Lumin target not found
Native extension for LinuxStandalone target not found
Native extension for WindowsStandalone target not found
Native extension for OSXStandalone target not found
Native extension for WebGL target not found
Refreshing native plugins compatible for Editor in 0.57 ms, found 1 plugins.
Preloading 0 native plugins for Editor in 0.00 ms.
Mono: successfully reloaded assembly
- Completed reload, in  1.077 seconds
Platform modules already initialized, skipping
Refreshing native plugins compatible for Editor in 0.80 ms, found 1 plugins.
Preloading 0 native plugins for Editor in 0.00 ms.
Unloading 2640 Unused Serialized files (Serialized files now loaded: 0)
System memory in use before: 235.8 MB.
System memory in use after: 236.0 MB.

Unloading 10 unused Assets to reduce memory usage. Loaded Objects now: 3200.
Total: 3.297600 ms (FindLiveObjects: 0.373200 ms CreateObjectMapping: 0.097700 ms MarkObjects: 2.756700 ms  DeleteObjects: 0.068900 ms)

========================================================================
Received Prepare
Registering precompiled user dll's ...
Registered in 0.004132 seconds.
Begin MonoManager ReloadAssembly
Native extension for Lumin target not found
Native extension for LinuxStandalone target not found
Native extension for WindowsStandalone target not found
Native extension for OSXStandalone target not found
Native extension for WebGL target not found
Refreshing native plugins compatible for Editor in 0.61 ms, found 1 plugins.
Preloading 0 native plugins for Editor in 0.00 ms.
Mono: successfully reloaded assembly
- Completed reload, in  1.077 seconds
Platform modules already initialized, skipping
Refreshing native plugins compatible for Editor in 0.63 ms, found 1 plugins.
Preloading 0 native plugins for Editor in 0.00 ms.
Unloading 2640 Unused Serialized files (Serialized files now loaded: 0)
System memory in use before: 235.8 MB.
System memory in use after: 236.0 MB.

Unloading 10 unused Assets to reduce memory usage. Loaded Objects now: 3202.
Total: 3.241100 ms (FindLiveObjects: 0.449800 ms CreateObjectMapping: 0.149700 ms MarkObjects: 2.574100 ms  DeleteObjects: 0.065800 ms)

========================================================================
Received Prepare
Registering precompiled user dll's ...
Registered in 0.003866 seconds.
Begin MonoManager ReloadAssembly
Native extension for Lumin target not found
Native extension for LinuxStandalone target not found
Native extension for WindowsStandalone target not found
Native extension for OSXStandalone target not found
Native extension for WebGL target not found
Refreshing native plugins compatible for Editor in 0.62 ms, found 1 plugins.
Preloading 0 native plugins for Editor in 0.00 ms.
Mono: successfully reloaded assembly
- Completed reload, in  1.081 seconds
Platform modules already initialized, skipping
Refreshing native plugins compatible for Editor in 0.66 ms, found 1 plugins.
Preloading 0 native plugins for Editor in 0.00 ms.
Unloading 2640 Unused Serialized files (Serialized files now loaded: 0)
System memory in use before: 235.8 MB.
System memory in use after: 236.0 MB.

Unloading 10 unused Assets to reduce memory usage. Loaded Objects now: 3204.
Total: 2.791200 ms (FindLiveObjects: 0.409100 ms CreateObjectMapping: 0.080100 ms MarkObjects: 2.231900 ms  DeleteObjects: 0.068700 ms)

========================================================================
Received Import Request.
  Time since last request: 723.646497 seconds.
  path: Assets/Scripts/UIController.cs
  artifactKey: Guid(109bb8326655a1848a85a8411fe93fd9) Importer(2089858483,934ff659095e30574adcf32a4c2f97b5)
Start importing Assets/Scripts/UIController.cs using Guid(109bb8326655a1848a85a8411fe93fd9) Importer(2089858483,934ff659095e30574adcf32a4c2f97b5) 
[QS] Generated asset artifact (ASIEI01) VirtualArtifacts/NamedExtra/5fcf343212675d54a8e478cdcfa924f7.asset.1.index for Assets/Scripts/UIController.cs with Types
 -> (artifact id: '3011e49749fe5aa907463f61d68cc3ac') in 0.086552 seconds 
========================================================================
Received Import Request.
  Time since last request: 0.010925 seconds.
  path: Assets/Scenes/Game Scene.unity
  artifactKey: Guid(c27a385e0a8a6ea48b3e2345bb4e396a) Importer(2089858483,934ff659095e30574adcf32a4c2f97b5)
Start importing Assets/Scenes/Game Scene.unity using Guid(c27a385e0a8a6ea48b3e2345bb4e396a) Importer(2089858483,934ff659095e30574adcf32a4c2f97b5) 
[QS] Generated asset artifact (ASIEI01) VirtualArtifacts/NamedExtra/925af6474ea418445b86a129aafdd27a.asset.1.index for Assets/Scenes/Game Scene.unity with Types
 -> (artifact id: 'e9c0e0f14ca1f2edb0f32577d646699f') in 0.015220 seconds 
========================================================================
Received Prepare
Registering precompiled user dll's ...
Registered in 0.003951 seconds.
Begin MonoManager ReloadAssembly
Native extension for Lumin target not found
Native extension for LinuxStandalone target not found
Native extension for WindowsStandalone target not found
Native extension for OSXStandalone target not found
Native extension for WebGL target not found
Refreshing native plugins compatible for Editor in 0.74 ms, found 1 plugins.
Preloading 0 native plugins for Editor in 0.00 ms.
Mono: successfully reloaded assembly
- Completed reload, in  1.011 seconds
Platform modules already initialized, skipping
Refreshing native plugins compatible for Editor in 0.54 ms, found 1 plugins.
Preloading 0 native plugins for Editor in 0.00 ms.
Unloading 2640 Unused Serialized files (Serialized files now loaded: 0)
System memory in use before: 235.8 MB.
System memory in use after: 236.0 MB.

Unloading 10 unused Assets to reduce memory usage. Loaded Objects now: 3206.
Total: 2.300400 ms (FindLiveObjects: 0.302900 ms CreateObjectMapping: 0.081000 ms MarkObjects: 1.858800 ms  DeleteObjects: 0.056600 ms)

========================================================================
Received Import Request.
  Time since last request: 73.213935 seconds.
  path: Assets/Scenes/Game Scene.unity
  artifactKey: Guid(c27a385e0a8a6ea48b3e2345bb4e396a) Importer(2089858483,934ff659095e30574adcf32a4c2f97b5)
Start importing Assets/Scenes/Game Scene.unity using Guid(c27a385e0a8a6ea48b3e2345bb4e396a) Importer(2089858483,934ff659095e30574adcf32a4c2f97b5) 
[QS] Generated asset artifact (ASIEI01) VirtualArtifacts/NamedExtra/ee7bb2b120a16254492dcae6009b76ee.asset.1.index for Assets/Scenes/Game Scene.unity with Types
 -> (artifact id: '2cc2106e8285f986bc81e6ae9671ac64') in 0.080534 seconds 
========================================================================
Received Prepare
Registering precompiled user dll's ...
Registered in 0.004254 seconds.
Begin MonoManager ReloadAssembly
Native extension for Lumin target not found
Native extension for LinuxStandalone target not found
Native extension for WindowsStandalone target not found
Native extension for OSXStandalone target not found
Native extension for WebGL target not found
Refreshing native plugins compatible for Editor in 0.86 ms, found 1 plugins.
Preloading 0 native plugins for Editor in 0.00 ms.
Mono: successfully reloaded assembly
- Completed reload, in  1.075 seconds
Platform modules already initialized, skipping
Refreshing native plugins compatible for Editor in 0.84 ms, found 1 plugins.
Preloading 0 native plugins for Editor in 0.00 ms.
Unloading 2640 Unused Serialized files (Serialized files now loaded: 0)
System memory in use before: 235.8 MB.
System memory in use after: 236.0 MB.

Unloading 10 unused Assets to reduce memory usage. Loaded Objects now: 3208.
Total: 3.623200 ms (FindLiveObjects: 0.381400 ms CreateObjectMapping: 0.108600 ms MarkObjects: 3.054900 ms  DeleteObjects: 0.076600 ms)

AssetImportWorkerClient::OnTransportError - code=2 error=End of file
